Determining if the Q_WS_WIN exist failed with the following output:
Change Dir: /home/admin1/install/aseba/build-aseba/CMakeFiles/CMakeTmp

Run Build Command:/usr/bin/make "cmTryCompileExec2104510674/fast"
/usr/bin/make -f CMakeFiles/cmTryCompileExec2104510674.dir/build.make CMakeFiles/cmTryCompileExec2104510674.dir/build
make[1]: Entering directory `/home/admin1/install/aseba/build-aseba/CMakeFiles/CMakeTmp'
/usr/bin/cmake -E cmake_progress_report /home/admin1/install/aseba/build-aseba/CMakeFiles/CMakeTmp/CMakeFiles 1
Building CXX object CMakeFiles/cmTryCompileExec2104510674.dir/CheckSymbolExists.cxx.o
/usr/bin/c++    -I/usr/include/qt4    -o CMakeFiles/cmTryCompileExec2104510674.dir/CheckSymbolExists.cxx.o -c /home/admin1/install/aseba/build-aseba/CMakeFiles/CMakeTmp/CheckSymbolExists.cxx
/home/admin1/install/aseba/build-aseba/CMakeFiles/CMakeTmp/CheckSymbolExists.cxx: In function ‘int main(int, char**)’:
/home/admin1/install/aseba/build-aseba/CMakeFiles/CMakeTmp/CheckSymbolExists.cxx:8:19: error: ‘Q_WS_WIN’ was not declared in this scope
make[1]: Leaving directory `/home/admin1/install/aseba/build-aseba/CMakeFiles/CMakeTmp'
make[1]: *** [CMakeFiles/cmTryCompileExec2104510674.dir/CheckSymbolExists.cxx.o] Error 1
make: *** [cmTryCompileExec2104510674/fast] Error 2

File /home/admin1/install/aseba/build-aseba/CMakeFiles/CMakeTmp/CheckSymbolExists.cxx:
/* */
#include <QtCore/qglobal.h>

int main(int argc, char** argv)
{
  (void)argv;
#ifndef Q_WS_WIN
  return ((int*)(&Q_WS_WIN))[argc];
#else
  (void)argc;
  return 0;
#endif
}

Determining if the Q_WS_QWS exist failed with the following output:
Change Dir: /home/admin1/install/aseba/build-aseba/CMakeFiles/CMakeTmp

Run Build Command:/usr/bin/make "cmTryCompileExec4104376306/fast"
/usr/bin/make -f CMakeFiles/cmTryCompileExec4104376306.dir/build.make CMakeFiles/cmTryCompileExec4104376306.dir/build
make[1]: Entering directory `/home/admin1/install/aseba/build-aseba/CMakeFiles/CMakeTmp'
/usr/bin/cmake -E cmake_progress_report /home/admin1/install/aseba/build-aseba/CMakeFiles/CMakeTmp/CMakeFiles 1
Building CXX object CMakeFiles/cmTryCompileExec4104376306.dir/CheckSymbolExists.cxx.o
/usr/bin/c++    -I/usr/include/qt4    -o CMakeFiles/cmTryCompileExec4104376306.dir/CheckSymbolExists.cxx.o -c /home/admin1/install/aseba/build-aseba/CMakeFiles/CMakeTmp/CheckSymbolExists.cxx
/home/admin1/install/aseba/build-aseba/CMakeFiles/CMakeTmp/CheckSymbolExists.cxx: In function ‘int main(int, char**)’:
/home/admin1/install/aseba/build-aseba/CMakeFiles/CMakeTmp/CheckSymbolExists.cxx:8:19: error: ‘Q_WS_QWS’ was not declared in this scope
make[1]: Leaving directory `/home/admin1/install/aseba/build-aseba/CMakeFiles/CMakeTmp'
make[1]: *** [CMakeFiles/cmTryCompileExec4104376306.dir/CheckSymbolExists.cxx.o] Error 1
make: *** [cmTryCompileExec4104376306/fast] Error 2

File /home/admin1/install/aseba/build-aseba/CMakeFiles/CMakeTmp/CheckSymbolExists.cxx:
/* */
#include <QtCore/qglobal.h>

int main(int argc, char** argv)
{
  (void)argv;
#ifndef Q_WS_QWS
  return ((int*)(&Q_WS_QWS))[argc];
#else
  (void)argc;
  return 0;
#endif
}

Determining if the Q_WS_MAC exist failed with the following output:
Change Dir: /home/admin1/install/aseba/build-aseba/CMakeFiles/CMakeTmp

Run Build Command:/usr/bin/make "cmTryCompileExec980912208/fast"
/usr/bin/make -f CMakeFiles/cmTryCompileExec980912208.dir/build.make CMakeFiles/cmTryCompileExec980912208.dir/build
make[1]: Entering directory `/home/admin1/install/aseba/build-aseba/CMakeFiles/CMakeTmp'
/usr/bin/cmake -E cmake_progress_report /home/admin1/install/aseba/build-aseba/CMakeFiles/CMakeTmp/CMakeFiles 1
Building CXX object CMakeFiles/cmTryCompileExec980912208.dir/CheckSymbolExists.cxx.o
/usr/bin/c++    -I/usr/include/qt4    -o CMakeFiles/cmTryCompileExec980912208.dir/CheckSymbolExists.cxx.o -c /home/admin1/install/aseba/build-aseba/CMakeFiles/CMakeTmp/CheckSymbolExists.cxx
/home/admin1/install/aseba/build-aseba/CMakeFiles/CMakeTmp/CheckSymbolExists.cxx: In function ‘int main(int, char**)’:
/home/admin1/install/aseba/build-aseba/CMakeFiles/CMakeTmp/CheckSymbolExists.cxx:8:19: error: ‘Q_WS_MAC’ was not declared in this scope
make[1]: Leaving directory `/home/admin1/install/aseba/build-aseba/CMakeFiles/CMakeTmp'
make[1]: *** [CMakeFiles/cmTryCompileExec980912208.dir/CheckSymbolExists.cxx.o] Error 1
make: *** [cmTryCompileExec980912208/fast] Error 2

File /home/admin1/install/aseba/build-aseba/CMakeFiles/CMakeTmp/CheckSymbolExists.cxx:
/* */
#include <QtCore/qglobal.h>

int main(int argc, char** argv)
{
  (void)argv;
#ifndef Q_WS_MAC
  return ((int*)(&Q_WS_MAC))[argc];
#else
  (void)argc;
  return 0;
#endif
}

Determining if the pthread_create exist failed with the following output:
Change Dir: /home/admin1/install/aseba/build-aseba/CMakeFiles/CMakeTmp

Run Build Command:/usr/bin/make "cmTryCompileExec3454420206/fast"
/usr/bin/make -f CMakeFiles/cmTryCompileExec3454420206.dir/build.make CMakeFiles/cmTryCompileExec3454420206.dir/build
make[1]: Entering directory `/home/admin1/install/aseba/build-aseba/CMakeFiles/CMakeTmp'
/usr/bin/cmake -E cmake_progress_report /home/admin1/install/aseba/build-aseba/CMakeFiles/CMakeTmp/CMakeFiles 1
Building C object CMakeFiles/cmTryCompileExec3454420206.dir/CheckSymbolExists.c.o
/usr/bin/gcc    -o CMakeFiles/cmTryCompileExec3454420206.dir/CheckSymbolExists.c.o   -c /home/admin1/install/aseba/build-aseba/CMakeFiles/CMakeTmp/CheckSymbolExists.c
Linking C executable cmTryCompileExec3454420206
/usr/bin/cmake -E cmake_link_script CMakeFiles/cmTryCompileExec3454420206.dir/link.txt --verbose=1
/usr/bin/gcc         CMakeFiles/cmTryCompileExec3454420206.dir/CheckSymbolExists.c.o  -o cmTryCompileExec3454420206 -rdynamic 
CMakeFiles/cmTryCompileExec3454420206.dir/CheckSymbolExists.c.o: In function `main':
CheckSymbolExists.c:(.text+0xa): undefined reference to `pthread_create'
collect2: error: ld returned 1 exit status
make[1]: Leaving directory `/home/admin1/install/aseba/build-aseba/CMakeFiles/CMakeTmp'
make[1]: *** [cmTryCompileExec3454420206] Error 1
make: *** [cmTryCompileExec3454420206/fast] Error 2

File /home/admin1/install/aseba/build-aseba/CMakeFiles/CMakeTmp/CheckSymbolExists.c:
/* */
#include <pthread.h>

int main(int argc, char** argv)
{
  (void)argv;
#ifndef pthread_create
  return ((int*)(&pthread_create))[argc];
#else
  (void)argc;
  return 0;
#endif
}

Determining if the function pthread_create exists in the pthreads failed with the following output:
Change Dir: /home/admin1/install/aseba/build-aseba/CMakeFiles/CMakeTmp

Run Build Command:/usr/bin/make "cmTryCompileExec3725005097/fast"
/usr/bin/make -f CMakeFiles/cmTryCompileExec3725005097.dir/build.make CMakeFiles/cmTryCompileExec3725005097.dir/build
make[1]: Entering directory `/home/admin1/install/aseba/build-aseba/CMakeFiles/CMakeTmp'
/usr/bin/cmake -E cmake_progress_report /home/admin1/install/aseba/build-aseba/CMakeFiles/CMakeTmp/CMakeFiles 1
Building C object CMakeFiles/cmTryCompileExec3725005097.dir/CheckFunctionExists.c.o
/usr/bin/gcc   -DCHECK_FUNCTION_EXISTS=pthread_create   -o CMakeFiles/cmTryCompileExec3725005097.dir/CheckFunctionExists.c.o   -c /usr/share/cmake-2.8/Modules/CheckFunctionExists.c
Linking C executable cmTryCompileExec3725005097
/usr/bin/cmake -E cmake_link_script CMakeFiles/cmTryCompileExec3725005097.dir/link.txt --verbose=1
/usr/bin/gcc     -DCHECK_FUNCTION_EXISTS=pthread_create    CMakeFiles/cmTryCompileExec3725005097.dir/CheckFunctionExists.c.o  -o cmTryCompileExec3725005097 -rdynamic -lpthreads 
/usr/bin/ld: cannot find -lpthreads
collect2: error: ld returned 1 exit status
make[1]: Leaving directory `/home/admin1/install/aseba/build-aseba/CMakeFiles/CMakeTmp'
make[1]: *** [cmTryCompileExec3725005097] Error 1
make: *** [cmTryCompileExec3725005097/fast] Error 2


